<?xml version="1.0" encoding="UTF-8"?>
<!-- Generated by org.testng.reporters.JUnitReportReporter -->
<testsuite skipped="0" hostname="DESKTOP-IN9OGTJ" name="com.crudoperationWithoutBDD.completeUpdate" tests="1" failures="0" timestamp="2021-11-10T18:28:16 IST" time="2.707" errors="0">
  <testcase name="update" time="2.707" classname="com.crudoperationWithoutBDD.completeUpdate"/>
  <system-out/>
</testsuite> <!-- com.crudoperationWithoutBDD.completeUpdate -->
