<?xml version="1.0" encoding="UTF-8"?>
<!-- Generated by org.testng.reporters.JUnitReportReporter -->
<testsuite skipped="0" hostname="DESKTOP-IN9OGTJ" name="com.crudoperationWithoutBDD.DeleteResource" tests="1" failures="0" timestamp="2021-11-10T18:19:13 IST" time="2.492" errors="0">
  <testcase name="delete" time="2.492" classname="com.crudoperationWithoutBDD.DeleteResource"/>
  <system-out/>
</testsuite> <!-- com.crudoperationWithoutBDD.DeleteResource -->
