<?xml version="1.0" encoding="UTF-8"?>
<!-- Generated by org.testng.reporters.JUnitReportReporter -->
<testsuite skipped="0" hostname="DESKTOP-IN9OGTJ" name="com.crudoperationWithoutBDD.CreateAResource" tests="1" failures="0" timestamp="2021-11-10T18:01:32 IST" time="2.468" errors="0">
  <testcase name="create" time="2.468" classname="com.crudoperationWithoutBDD.CreateAResource"/>
  <system-out/>
</testsuite> <!-- com.crudoperationWithoutBDD.CreateAResource -->
