<?xml version="1.0" encoding="UTF-8"?>
<!-- Generated by org.testng.reporters.JUnitReportReporter -->
<testsuite skipped="0" hostname="DESKTOP-IN9OGTJ" name="com.parameters.QueryParameters" tests="1" failures="0" timestamp="2021-11-11T16:52:44 IST" time="3.162" errors="0">
  <testcase name="queryTest" time="3.162" classname="com.parameters.QueryParameters"/>
  <system-out/>
</testsuite> <!-- com.parameters.QueryParameters -->
