<?xml version="1.0" encoding="UTF-8"?>
<!-- Generated by org.testng.reporters.JUnitReportReporter -->
<testsuite skipped="0" hostname="DESKTOP-IN9OGTJ" name="com.responseValidation.ValidStaticResponseTest" tests="1" failures="0" timestamp="2021-11-11T15:48:40 IST" time="2.907" errors="0">
  <testcase name="responseValidate" time="2.907" classname="com.responseValidation.ValidStaticResponseTest"/>
  <system-out/>
</testsuite> <!-- com.responseValidation.ValidStaticResponseTest -->
