<?xml version="1.0" encoding="UTF-8"?>
<!-- Generated by org.testng.reporters.JUnitReportReporter -->
<testsuite skipped="0" hostname="DESKTOP-IN9OGTJ" name="com.differentWaysToPostARequest.CreateProjectUsingJSONObject" tests="1" failures="0" timestamp="2021-11-11T13:15:42 IST" time="2.282" errors="0">
  <testcase name="creatProject" time="2.282" classname="com.differentWaysToPostARequest.CreateProjectUsingJSONObject"/>
  <system-out/>
</testsuite> <!-- com.differentWaysToPostARequest.CreateProjectUsingJSONObject -->
