<?xml version="1.0" encoding="UTF-8"?>
<!-- Generated by org.testng.reporters.JUnitReportReporter -->
<testsuite skipped="0" hostname="DESKTOP-IN9OGTJ" name="com.differentWaysToPostARequest.SamePostRequestWithMultipleData" tests="2" failures="0" timestamp="2021-11-11T16:45:22 IST" time="2.451" errors="0">
  <testcase name="multipleData" time="0.036" classname="com.differentWaysToPostARequest.SamePostRequestWithMultipleData"/>
  <system-out/>
  <testcase name="multipleData" time="2.415" classname="com.differentWaysToPostARequest.SamePostRequestWithMultipleData"/>
  <system-out/>
</testsuite> <!-- com.differentWaysToPostARequest.SamePostRequestWithMultipleData -->
