<?xml version="1.0" encoding="UTF-8"?>
<!-- Generated by org.testng.reporters.JUnitReportReporter -->
<testsuite skipped="0" hostname="DESKTOP-IN9OGTJ" name="com.parameters.PathParameters" tests="1" failures="0" timestamp="2021-11-11T16:59:49 IST" time="2.429" errors="0">
  <testcase name="path" time="2.429" classname="com.parameters.PathParameters"/>
  <system-out/>
</testsuite> <!-- com.parameters.PathParameters -->
