<?xml version="1.0" encoding="UTF-8"?>
<!-- Generated by org.testng.reporters.JUnitReportReporter -->
<testsuite skipped="0" hostname="DESKTOP-IN9OGTJ" name="com.crudOperationsWithBDDFeatures.DeletAProject" tests="1" failures="0" timestamp="2021-11-11T12:37:30 IST" time="2.084" errors="0">
  <testcase name="delet" time="2.084" classname="com.crudOperationsWithBDDFeatures.DeletAProject"/>
  <system-out/>
</testsuite> <!-- com.crudOperationsWithBDDFeatures.DeletAProject -->
