<?xml version="1.0" encoding="UTF-8"?>
<!-- Generated by org.testng.reporters.JUnitReportReporter -->
<testsuite skipped="0" hostname="DESKTOP-IN9OGTJ" name="com.crudOperationsWithBDDFeatures.GetAllProject" tests="1" failures="0" timestamp="2021-11-11T11:43:39 IST" time="2.251" errors="0">
  <testcase name="getProject" time="2.251" classname="com.crudOperationsWithBDDFeatures.GetAllProject"/>
  <system-out/>
</testsuite> <!-- com.crudOperationsWithBDDFeatures.GetAllProject -->
