<?xml version="1.0" encoding="UTF-8"?>
<!-- Generated by org.testng.reporters.JUnitReportReporter -->
<testsuite skipped="0" hostname="DESKTOP-IN9OGTJ" name="com.RequestChaining.Chaining" tests="1" failures="0" timestamp="2021-11-11T17:33:33 IST" time="2.773" errors="0">
  <testcase name="request" time="2.773" classname="com.RequestChaining.Chaining"/>
  <system-out/>
</testsuite> <!-- com.RequestChaining.Chaining -->
