<?xml version="1.0" encoding="UTF-8"?>
<!-- Generated by org.testng.reporters.JUnitReportReporter -->
<testsuite skipped="0" hostname="DESKTOP-IN9OGTJ" name="com.differentWaysToPostARequest.CreateAProjectUsingPojoLibrary" tests="1" failures="0" timestamp="2021-11-11T15:12:02 IST" time="2.492" errors="0">
  <testcase name="create" time="2.492" classname="com.differentWaysToPostARequest.CreateAProjectUsingPojoLibrary"/>
  <system-out/>
</testsuite> <!-- com.differentWaysToPostARequest.CreateAProjectUsingPojoLibrary -->
