<?xml version="1.0" encoding="UTF-8"?>
<!-- Generated by org.testng.reporters.JUnitReportReporter -->
<testsuite skipped="0" hostname="DESKTOP-IN9OGTJ" name="com.parameters.GithubParamTest" tests="1" failures="0" timestamp="2021-11-11T17:50:12 IST" time="4.903" errors="0">
  <testcase name="pathandqueryparam" time="4.903" classname="com.parameters.GithubParamTest"/>
  <system-out/>
</testsuite> <!-- com.parameters.GithubParamTest -->
