<?xml version="1.0" encoding="UTF-8"?>
<!-- Generated by org.testng.reporters.JUnitReportReporter -->
<testsuite skipped="0" hostname="DESKTOP-IN9OGTJ" name="com.differentWaysToPostARequest.CreatProjectUsingJSONFile" tests="1" failures="0" timestamp="2021-11-11T13:11:34 IST" time="2.081" errors="0">
  <testcase name="create" time="2.081" classname="com.differentWaysToPostARequest.CreatProjectUsingJSONFile"/>
  <system-out/>
</testsuite> <!-- com.differentWaysToPostARequest.CreatProjectUsingJSONFile -->
