<?xml version="1.0" encoding="UTF-8"?>
<!-- Generated by org.testng.reporters.JUnitReportReporter -->
<testsuite skipped="0" hostname="DESKTOP-IN9OGTJ" name="com.crudOperationsWithBDDFeatures.CreatAProject" tests="1" failures="0" timestamp="2021-11-11T12:47:26 IST" time="2.419" errors="0">
  <testcase name="creatProject" time="2.419" classname="com.crudOperationsWithBDDFeatures.CreatAProject"/>
  <system-out/>
</testsuite> <!-- com.crudOperationsWithBDDFeatures.CreatAProject -->
