<?xml version="1.0" encoding="UTF-8"?>
<!-- Generated by org.testng.reporters.JUnitReportReporter -->
<testsuite skipped="0" hostname="DESKTOP-IN9OGTJ" name="com.crudOperationsWithBDDFeatures.UpdateProject" tests="1" failures="0" timestamp="2021-11-11T11:51:46 IST" time="2.506" errors="0">
  <testcase name="updateProject" time="2.506" classname="com.crudOperationsWithBDDFeatures.UpdateProject"/>
  <system-out/>
</testsuite> <!-- com.crudOperationsWithBDDFeatures.UpdateProject -->
