<?xml version="1.0" encoding="UTF-8"?>
<!-- Generated by org.testng.reporters.JUnitReportReporter -->
<testsuite skipped="0" hostname="DESKTOP-IN9OGTJ" name="com.crudoperationWithoutBDD.GetAllProjects" tests="1" failures="0" timestamp="2021-11-10T17:42:53 IST" time="2.178" errors="0">
  <testcase name="listResource" time="2.178" classname="com.crudoperationWithoutBDD.GetAllProjects"/>
  <system-out/>
</testsuite> <!-- com.crudoperationWithoutBDD.GetAllProjects -->
