<?xml version="1.0" encoding="UTF-8"?>
<!-- Generated by org.testng.reporters.JUnitReportReporter -->
<testsuite skipped="0" hostname="DESKTOP-IN9OGTJ" name="com.responseValidation.ValidateDynamicResponse" tests="1" failures="0" timestamp="2021-11-11T15:49:33 IST" time="2.697" errors="0">
  <testcase name="validateDynamicResp" time="2.697" classname="com.responseValidation.ValidateDynamicResponse"/>
  <system-out/>
</testsuite> <!-- com.responseValidation.ValidateDynamicResponse -->
