<?xml version="1.0" encoding="UTF-8"?>
<!-- Generated by org.testng.reporters.JUnitReportReporter -->
<testsuite skipped="0" hostname="DESKTOP-IN9OGTJ" name="com.differentWaysToPostData.CreateProjectUsingHashMap" tests="1" failures="0" timestamp="2021-11-11T13:02:44 IST" time="2.241" errors="0">
  <testcase name="create" time="2.241" classname="com.differentWaysToPostData.CreateProjectUsingHashMap"/>
  <system-out/>
</testsuite> <!-- com.differentWaysToPostData.CreateProjectUsingHashMap -->
